L 1 "..\..\..\source\target\target_board.c"
N/**
N * @file    target_board.c
N * @brief   Implementation of target_family.h
N *
N * DAPLink Interface Firmware
N * Copyright (c) 2009-2019, ARM Limited, All Rights Reserved
N * SPDX-License-Identifier: Apache-2.0
N *
N * Licensed under the Apache License, Version 2.0 (the "License"); you may
N * not use this file except in compliance with the License.
N * You may obtain a copy of the License at
N *
N * http://www.apache.org/licenses/LICENSE-2.0
N *
N * Unless required by applicable law or agreed to in writing, software
N * distributed under the License is distributed on an "AS IS" BASIS, WITHOUT
N * WARRANTIES OR CONDITIONS OF ANY KIND, either express or implied.
N * See the License for the specific language governing permissions and
N * limitations under the License.
N */
N
N#include <string.h>
L 1 "C:\Keil_v5\ARM\ARMCC\Bin\..\include\string.h" 1
N/* string.h: ANSI 'C' (X3J11 Oct 88) library header, section 4.11 */
N/* Copyright (C) Codemist Ltd., 1988-1993.                        */
N/* Copyright 1991-1993 ARM Limited. All rights reserved.          */
N/* version 0.04 */
N
N/*
N * RCS $Revision$
N * Checkin $Date$
N */
N
N/*
N * string.h declares one type and several functions, and defines one macro
N * useful for manipulating character arrays and other objects treated as
N * character arrays. Various methods are used for determining the lengths of
N * the arrays, but in all cases a char * or void * argument points to the
N * initial (lowest addresses) character of the array. If an array is written
N * beyond the end of an object, the behaviour is undefined.
N */
N
N#ifndef __string_h
N#define __string_h
N#define __ARMCLIB_VERSION 5060044
N
N#define _ARMABI __declspec(__nothrow)
N
N  #ifndef __STRING_DECLS
N  #define __STRING_DECLS
N
N    #undef __CLIBNS
N
N    #ifdef __cplusplus
S        namespace std {
S        #define __CLIBNS std::
S        extern "C" {
N    #else
N      #define __CLIBNS
N    #endif  /* __cplusplus */
N
N#if defined(__cplusplus) || !defined(__STRICT_ANSI__)
X#if 0L || !0L
N /* unconditional in C++ and non-strict C for consistency of debug info */
N  #if __sizeof_ptr == 8
X  #if 4 == 8
S    typedef unsigned long size_t;   /* see <stddef.h> */
N  #else
N    typedef unsigned int size_t;   /* see <stddef.h> */
N  #endif
N#elif !defined(__size_t)
X#elif !0L
S  #define __size_t 1
S  #if __sizeof_ptr == 8
S    typedef unsigned long size_t;   /* see <stddef.h> */
S  #else
S    typedef unsigned int size_t;   /* see <stddef.h> */
S  #endif
N#endif
N
N#undef NULL
N#define NULL 0                   /* see <stddef.h> */
N
Nextern _ARMABI void *memcpy(void * __restrict /*s1*/,
Xextern __declspec(__nothrow) void *memcpy(void * __restrict  ,
N                    const void * __restrict /*s2*/, size_t /*n*/) __attribute__((__nonnull__(1,2)));
N   /*
N    * copies n characters from the object pointed to by s2 into the object
N    * pointed to by s1. If copying takes place between objects that overlap,
N    * the behaviour is undefined.
N    * Returns: the value of s1.
N    */
Nextern _ARMABI void *memmove(void * /*s1*/,
Xextern __declspec(__nothrow) void *memmove(void *  ,
N                    const void * /*s2*/, size_t /*n*/) __attribute__((__nonnull__(1,2)));
N   /*
N    * copies n characters from the object pointed to by s2 into the object
N    * pointed to by s1. Copying takes place as if the n characters from the
N    * object pointed to by s2 are first copied into a temporary array of n
N    * characters that does not overlap the objects pointed to by s1 and s2,
N    * and then the n characters from the temporary array are copied into the
N    * object pointed to by s1.
N    * Returns: the value of s1.
N    */
Nextern _ARMABI char *strcpy(char * __restrict /*s1*/, const char * __restrict /*s2*/) __attribute__((__nonnull__(1,2)));
Xextern __declspec(__nothrow) char *strcpy(char * __restrict  , const char * __restrict  ) __attribute__((__nonnull__(1,2)));
N   /*
N    * copies the string pointed to by s2 (including the terminating nul
N    * character) into the array pointed to by s1. If copying takes place
N    * between objects that overlap, the behaviour is undefined.
N    * Returns: the value of s1.
N    */
Nextern _ARMABI char *strncpy(char * __restrict /*s1*/, const char * __restrict /*s2*/, size_t /*n*/) __attribute__((__nonnull__(1,2)));
Xextern __declspec(__nothrow) char *strncpy(char * __restrict  , const char * __restrict  , size_t  ) __attribute__((__nonnull__(1,2)));
N   /*
N    * copies not more than n characters (characters that follow a null
N    * character are not copied) from the array pointed to by s2 into the array
N    * pointed to by s1. If copying takes place between objects that overlap,
N    * the behaviour is undefined.
N    * Returns: the value of s1.
N    */
N
Nextern _ARMABI char *strcat(char * __restrict /*s1*/, const char * __restrict /*s2*/) __attribute__((__nonnull__(1,2)));
Xextern __declspec(__nothrow) char *strcat(char * __restrict  , const char * __restrict  ) __attribute__((__nonnull__(1,2)));
N   /*
N    * appends a copy of the string pointed to by s2 (including the terminating
N    * null character) to the end of the string pointed to by s1. The initial
N    * character of s2 overwrites the null character at the end of s1.
N    * Returns: the value of s1.
N    */
Nextern _ARMABI char *strncat(char * __restrict /*s1*/, const char * __restrict /*s2*/, size_t /*n*/) __attribute__((__nonnull__(1,2)));
Xextern __declspec(__nothrow) char *strncat(char * __restrict  , const char * __restrict  , size_t  ) __attribute__((__nonnull__(1,2)));
N   /*
N    * appends not more than n characters (a null character and characters that
N    * follow it are not appended) from the array pointed to by s2 to the end of
N    * the string pointed to by s1. The initial character of s2 overwrites the
N    * null character at the end of s1. A terminating null character is always
N    * appended to the result.
N    * Returns: the value of s1.
N    */
N
N/*
N * The sign of a nonzero value returned by the comparison functions is
N * determined by the sign of the difference between the values of the first
N * pair of characters (both interpreted as unsigned char) that differ in the
N * objects being compared.
N */
N
Nextern _ARMABI int memcmp(const void * /*s1*/, const void * /*s2*/, size_t /*n*/) __attribute__((__nonnull__(1,2)));
Xextern __declspec(__nothrow) int memcmp(const void *  , const void *  , size_t  ) __attribute__((__nonnull__(1,2)));
N   /*
N    * compares the first n characters of the object pointed to by s1 to the
N    * first n characters of the object pointed to by s2.
N    * Returns: an integer greater than, equal to, or less than zero, according
N    *          as the object pointed to by s1 is greater than, equal to, or
N    *          less than the object pointed to by s2.
N    */
Nextern _ARMABI int strcmp(const char * /*s1*/, const char * /*s2*/) __attribute__((__nonnull__(1,2)));
Xextern __declspec(__nothrow) int strcmp(const char *  , const char *  ) __attribute__((__nonnull__(1,2)));
N   /*
N    * compares the string pointed to by s1 to the string pointed to by s2.
N    * Returns: an integer greater than, equal to, or less than zero, according
N    *          as the string pointed to by s1 is greater than, equal to, or
N    *          less than the string pointed to by s2.
N    */
Nextern _ARMABI int strncmp(const char * /*s1*/, const char * /*s2*/, size_t /*n*/) __attribute__((__nonnull__(1,2)));
Xextern __declspec(__nothrow) int strncmp(const char *  , const char *  , size_t  ) __attribute__((__nonnull__(1,2)));
N   /*
N    * compares not more than n characters (characters that follow a null
N    * character are not compared) from the array pointed to by s1 to the array
N    * pointed to by s2.
N    * Returns: an integer greater than, equal to, or less than zero, according
N    *          as the string pointed to by s1 is greater than, equal to, or
N    *          less than the string pointed to by s2.
N    */
Nextern _ARMABI int strcasecmp(const char * /*s1*/, const char * /*s2*/) __attribute__((__nonnull__(1,2)));
Xextern __declspec(__nothrow) int strcasecmp(const char *  , const char *  ) __attribute__((__nonnull__(1,2)));
N   /*
N    * compares the string pointed to by s1 to the string pointed to by s2,
N    * case-insensitively as defined by the current locale.
N    * Returns: an integer greater than, equal to, or less than zero, according
N    *          as the string pointed to by s1 is greater than, equal to, or
N    *          less than the string pointed to by s2.
N    */
Nextern _ARMABI int strncasecmp(const char * /*s1*/, const char * /*s2*/, size_t /*n*/) __attribute__((__nonnull__(1,2)));
Xextern __declspec(__nothrow) int strncasecmp(const char *  , const char *  , size_t  ) __attribute__((__nonnull__(1,2)));
N   /*
N    * compares not more than n characters (characters that follow a null
N    * character are not compared) from the array pointed to by s1 to the array
N    * pointed to by s2, case-insensitively as defined by the current locale.
N    * Returns: an integer greater than, equal to, or less than zero, according
N    *          as the string pointed to by s1 is greater than, equal to, or
N    *          less than the string pointed to by s2.
N    */
Nextern _ARMABI int strcoll(const char * /*s1*/, const char * /*s2*/) __attribute__((__nonnull__(1,2)));
Xextern __declspec(__nothrow) int strcoll(const char *  , const char *  ) __attribute__((__nonnull__(1,2)));
N   /*
N    * compares the string pointed to by s1 to the string pointed to by s2, both
N    * interpreted as appropriate to the LC_COLLATE category of the current
N    * locale.
N    * Returns: an integer greater than, equal to, or less than zero, according
N    *          as the string pointed to by s1 is greater than, equal to, or
N    *          less than the string pointed to by s2 when both are interpreted
N    *          as appropriate to the current locale.
N    */
N
Nextern _ARMABI size_t strxfrm(char * __restrict /*s1*/, const char * __restrict /*s2*/, size_t /*n*/) __attribute__((__nonnull__(2)));
Xextern __declspec(__nothrow) size_t strxfrm(char * __restrict  , const char * __restrict  , size_t  ) __attribute__((__nonnull__(2)));
N   /*
N    * transforms the string pointed to by s2 and places the resulting string
N    * into the array pointed to by s1. The transformation function is such that
N    * if the strcmp function is applied to two transformed strings, it returns
N    * a value greater than, equal to or less than zero, corresponding to the
N    * result of the strcoll function applied to the same two original strings.
N    * No more than n characters are placed into the resulting array pointed to
N    * by s1, including the terminating null character. If n is zero, s1 is
N    * permitted to be a null pointer. If copying takes place between objects
N    * that overlap, the behaviour is undefined.
N    * Returns: The length of the transformed string is returned (not including
N    *          the terminating null character). If the value returned is n or
N    *          more, the contents of the array pointed to by s1 are
N    *          indeterminate.
N    */
N
N
N#ifdef __cplusplus
Sextern _ARMABI const void *memchr(const void * /*s*/, int /*c*/, size_t /*n*/) __attribute__((__nonnull__(1)));
Sextern "C++" void *memchr(void * __s, int __c, size_t __n) __attribute__((__nonnull__(1)));
Sextern "C++" inline void *memchr(void * __s, int __c, size_t __n)
S    { return const_cast<void *>(memchr(const_cast<const void *>(__s), __c, __n)); }
N#else
Nextern _ARMABI void *memchr(const void * /*s*/, int /*c*/, size_t /*n*/) __attribute__((__nonnull__(1)));
Xextern __declspec(__nothrow) void *memchr(const void *  , int  , size_t  ) __attribute__((__nonnull__(1)));
N#endif
N   /*
N    * locates the first occurence of c (converted to an unsigned char) in the
N    * initial n characters (each interpreted as unsigned char) of the object
N    * pointed to by s.
N    * Returns: a pointer to the located character, or a null pointer if the
N    *          character does not occur in the object.
N    */
N
N#ifdef __cplusplus
Sextern _ARMABI const char *strchr(const char * /*s*/, int /*c*/) __attribute__((__nonnull__(1)));
Sextern "C++" char *strchr(char * __s, int __c) __attribute__((__nonnull__(1)));
Sextern "C++" inline char *strchr(char * __s, int __c)
S    { return const_cast<char *>(strchr(const_cast<const char *>(__s), __c)); }
N#else
Nextern _ARMABI char *strchr(const char * /*s*/, int /*c*/) __attribute__((__nonnull__(1)));
Xextern __declspec(__nothrow) char *strchr(const char *  , int  ) __attribute__((__nonnull__(1)));
N#endif
N   /*
N    * locates the first occurence of c (converted to an char) in the string
N    * pointed to by s (including the terminating null character).
N    * Returns: a pointer to the located character, or a null pointer if the
N    *          character does not occur in the string.
N    */
N
Nextern _ARMABI size_t strcspn(const char * /*s1*/, const char * /*s2*/) __attribute__((__nonnull__(1,2)));
Xextern __declspec(__nothrow) size_t strcspn(const char *  , const char *  ) __attribute__((__nonnull__(1,2)));
N   /*
N    * computes the length of the initial segment of the string pointed to by s1
N    * which consists entirely of characters not from the string pointed to by
N    * s2. The terminating null character is not considered part of s2.
N    * Returns: the length of the segment.
N    */
N
N#ifdef __cplusplus
Sextern _ARMABI const char *strpbrk(const char * /*s1*/, const char * /*s2*/) __attribute__((__nonnull__(1,2)));
Sextern "C++" char *strpbrk(char * __s1, const char * __s2) __attribute__((__nonnull__(1,2)));
Sextern "C++" inline char *strpbrk(char * __s1, const char * __s2)
S    { return const_cast<char *>(strpbrk(const_cast<const char *>(__s1), __s2)); }
N#else
Nextern _ARMABI char *strpbrk(const char * /*s1*/, const char * /*s2*/) __attribute__((__nonnull__(1,2)));
Xextern __declspec(__nothrow) char *strpbrk(const char *  , const char *  ) __attribute__((__nonnull__(1,2)));
N#endif
N   /*
N    * locates the first occurence in the string pointed to by s1 of any
N    * character from the string pointed to by s2.
N    * Returns: returns a pointer to the character, or a null pointer if no
N    *          character form s2 occurs in s1.
N    */
N
N#ifdef __cplusplus
Sextern _ARMABI const char *strrchr(const char * /*s*/, int /*c*/) __attribute__((__nonnull__(1)));
Sextern "C++" char *strrchr(char * __s, int __c) __attribute__((__nonnull__(1)));
Sextern "C++" inline char *strrchr(char * __s, int __c)
S    { return const_cast<char *>(strrchr(const_cast<const char *>(__s), __c)); }
N#else
Nextern _ARMABI char *strrchr(const char * /*s*/, int /*c*/) __attribute__((__nonnull__(1)));
Xextern __declspec(__nothrow) char *strrchr(const char *  , int  ) __attribute__((__nonnull__(1)));
N#endif
N   /*
N    * locates the last occurence of c (converted to a char) in the string
N    * pointed to by s. The terminating null character is considered part of
N    * the string.
N    * Returns: returns a pointer to the character, or a null pointer if c does
N    *          not occur in the string.
N    */
N
Nextern _ARMABI size_t strspn(const char * /*s1*/, const char * /*s2*/) __attribute__((__nonnull__(1,2)));
Xextern __declspec(__nothrow) size_t strspn(const char *  , const char *  ) __attribute__((__nonnull__(1,2)));
N   /*
N    * computes the length of the initial segment of the string pointed to by s1
N    * which consists entirely of characters from the string pointed to by S2
N    * Returns: the length of the segment.
N    */
N
N#ifdef __cplusplus
Sextern _ARMABI const char *strstr(const char * /*s1*/, const char * /*s2*/) __attribute__((__nonnull__(1,2)));
Sextern "C++" char *strstr(char * __s1, const char * __s2) __attribute__((__nonnull__(1,2)));
Sextern "C++" inline char *strstr(char * __s1, const char * __s2)
S    { return const_cast<char *>(strstr(const_cast<const char *>(__s1), __s2)); }
N#else
Nextern _ARMABI char *strstr(const char * /*s1*/, const char * /*s2*/) __attribute__((__nonnull__(1,2)));
Xextern __declspec(__nothrow) char *strstr(const char *  , const char *  ) __attribute__((__nonnull__(1,2)));
N#endif
N   /*
N    * locates the first occurence in the string pointed to by s1 of the
N    * sequence of characters (excluding the terminating null character) in the
N    * string pointed to by s2.
N    * Returns: a pointer to the located string, or a null pointer if the string
N    *          is not found.
N    */
N
Nextern _ARMABI char *strtok(char * __restrict /*s1*/, const char * __restrict /*s2*/) __attribute__((__nonnull__(2)));
Xextern __declspec(__nothrow) char *strtok(char * __restrict  , const char * __restrict  ) __attribute__((__nonnull__(2)));
Nextern _ARMABI char *_strtok_r(char * /*s1*/, const char * /*s2*/, char ** /*ptr*/) __attribute__((__nonnull__(2,3)));
Xextern __declspec(__nothrow) char *_strtok_r(char *  , const char *  , char **  ) __attribute__((__nonnull__(2,3)));
N#ifndef __STRICT_ANSI__
Nextern _ARMABI char *strtok_r(char * /*s1*/, const char * /*s2*/, char ** /*ptr*/) __attribute__((__nonnull__(2,3)));
Xextern __declspec(__nothrow) char *strtok_r(char *  , const char *  , char **  ) __attribute__((__nonnull__(2,3)));
N#endif
N   /*
N    * A sequence of calls to the strtok function breaks the string pointed to
N    * by s1 into a sequence of tokens, each of which is delimited by a
N    * character from the string pointed to by s2. The first call in the
N    * sequence has s1 as its first argument, and is followed by calls with a
N    * null pointer as their first argument. The separator string pointed to by
N    * s2 may be different from call to call.
N    * The first call in the sequence searches for the first character that is
N    * not contained in the current separator string s2. If no such character
N    * is found, then there are no tokens in s1 and the strtok function returns
N    * a null pointer. If such a character is found, it is the start of the
N    * first token.
N    * The strtok function then searches from there for a character that is
N    * contained in the current separator string. If no such character is found,
N    * the current token extends to the end of the string pointed to by s1, and
N    * subsequent searches for a token will fail. If such a character is found,
N    * it is overwritten by a null character, which terminates the current
N    * token. The strtok function saves a pointer to the following character,
N    * from which the next search for a token will start.
N    * Each subsequent call, with a null pointer as the value for the first
N    * argument, starts searching from the saved pointer and behaves as
N    * described above.
N    * Returns: pointer to the first character of a token, or a null pointer if
N    *          there is no token.
N    *
N    * strtok_r() is a common extension which works exactly like
N    * strtok(), but instead of storing its state in a hidden
N    * library variable, requires the user to pass in a pointer to a
N    * char * variable which will be used instead. Any sequence of
N    * calls to strtok_r() passing the same char ** pointer should
N    * behave exactly like the corresponding sequence of calls to
N    * strtok(). This means that strtok_r() can safely be used in
N    * multi-threaded programs, and also that you can tokenise two
N    * strings in parallel.
N    */
N
Nextern _ARMABI void *memset(void * /*s*/, int /*c*/, size_t /*n*/) __attribute__((__nonnull__(1)));
Xextern __declspec(__nothrow) void *memset(void *  , int  , size_t  ) __attribute__((__nonnull__(1)));
N   /*
N    * copies the value of c (converted to an unsigned char) into each of the
N    * first n charactes of the object pointed to by s.
N    * Returns: the value of s.
N    */
Nextern _ARMABI char *strerror(int /*errnum*/);
Xextern __declspec(__nothrow) char *strerror(int  );
N   /*
N    * maps the error number in errnum to an error message string.
N    * Returns: a pointer to the string, the contents of which are
N    *          implementation-defined. The array pointed to shall not be
N    *          modified by the program, but may be overwritten by a
N    *          subsequent call to the strerror function.
N    */
Nextern _ARMABI size_t strlen(const char * /*s*/) __attribute__((__nonnull__(1)));
Xextern __declspec(__nothrow) size_t strlen(const char *  ) __attribute__((__nonnull__(1)));
N   /*
N    * computes the length of the string pointed to by s.
N    * Returns: the number of characters that precede the terminating null
N    *          character.
N    */
N
Nextern _ARMABI size_t strlcpy(char * /*dst*/, const char * /*src*/, size_t /*len*/) __attribute__((__nonnull__(1,2)));
Xextern __declspec(__nothrow) size_t strlcpy(char *  , const char *  , size_t  ) __attribute__((__nonnull__(1,2)));
N   /*
N    * copies the string src into the string dst, using no more than
N    * len bytes of dst. Always null-terminates dst _within the
N    * length len (i.e. will copy at most len-1 bytes of string plus
N    * a NUL), unless len is actually zero.
N    * 
N    * Return value is the length of the string that _would_ have
N    * been written, i.e. the length of src. Thus, the operation
N    * succeeded without truncation if and only if ret < len;
N    * otherwise, the value in ret tells you how big to make dst if
N    * you decide to reallocate it. (That value does _not_ include
N    * the NUL.)
N    * 
N    * This is a BSD-derived library extension, which we are
N    * permitted to declare in a standard header because ISO defines
N    * function names beginning with 'str' as reserved for future
N    * expansion of <string.h>.
N    */
N
Nextern _ARMABI size_t strlcat(char * /*dst*/, const char * /*src*/, size_t /*len*/) __attribute__((__nonnull__(1,2)));
Xextern __declspec(__nothrow) size_t strlcat(char *  , const char *  , size_t  ) __attribute__((__nonnull__(1,2)));
N   /*
N    * concatenates the string src to the string dst, using no more
N    * than len bytes of dst. Always null-terminates dst _within the
N    * length len (i.e. will copy at most len-1 bytes of string plus
N    * a NUL), unless len is actually zero.
N    * 
N    * Return value is the length of the string that _would_ have
N    * been written, i.e. the length of src plus the original length
N    * of dst. Thus, the operation succeeded without truncation if
N    * and only if ret < len; otherwise, the value in ret tells you
N    * how big to make dst if you decide to reallocate it. (That
N    * value does _not_ include the NUL.)
N    * 
N    * If no NUL is encountered within the first len bytes of dst,
N    * then the length of dst is considered to have been equal to
N    * len for the purposes of the return value (as if there were a
N    * NUL at dst[len]). Thus, the return value in this case is len
N    * + strlen(src).
N    * 
N    * This is a BSD-derived library extension, which we are
N    * permitted to declare in a standard header because ISO defines
N    * function names beginning with 'str' as reserved for future
N    * expansion of <string.h>.
N    */
N
Nextern _ARMABI void _membitcpybl(void * /*dest*/, const void * /*src*/, int /*destoffset*/, int /*srcoffset*/, size_t /*nbits*/) __attribute__((__nonnull__(1,2)));
Xextern __declspec(__nothrow) void _membitcpybl(void *  , const void *  , int  , int  , size_t  ) __attribute__((__nonnull__(1,2)));
Nextern _ARMABI void _membitcpybb(void * /*dest*/, const void * /*src*/, int /*destoffset*/, int /*srcoffset*/, size_t /*nbits*/) __attribute__((__nonnull__(1,2)));
Xextern __declspec(__nothrow) void _membitcpybb(void *  , const void *  , int  , int  , size_t  ) __attribute__((__nonnull__(1,2)));
Nextern _ARMABI void _membitcpyhl(void * /*dest*/, const void * /*src*/, int /*destoffset*/, int /*srcoffset*/, size_t /*nbits*/) __attribute__((__nonnull__(1,2)));
Xextern __declspec(__nothrow) void _membitcpyhl(void *  , const void *  , int  , int  , size_t  ) __attribute__((__nonnull__(1,2)));
Nextern _ARMABI void _membitcpyhb(void * /*dest*/, const void * /*src*/, int /*destoffset*/, int /*srcoffset*/, size_t /*nbits*/) __attribute__((__nonnull__(1,2)));
Xextern __declspec(__nothrow) void _membitcpyhb(void *  , const void *  , int  , int  , size_t  ) __attribute__((__nonnull__(1,2)));
Nextern _ARMABI void _membitcpywl(void * /*dest*/, const void * /*src*/, int /*destoffset*/, int /*srcoffset*/, size_t /*nbits*/) __attribute__((__nonnull__(1,2)));
Xextern __declspec(__nothrow) void _membitcpywl(void *  , const void *  , int  , int  , size_t  ) __attribute__((__nonnull__(1,2)));
Nextern _ARMABI void _membitcpywb(void * /*dest*/, const void * /*src*/, int /*destoffset*/, int /*srcoffset*/, size_t /*nbits*/) __attribute__((__nonnull__(1,2)));
Xextern __declspec(__nothrow) void _membitcpywb(void *  , const void *  , int  , int  , size_t  ) __attribute__((__nonnull__(1,2)));
Nextern _ARMABI void _membitmovebl(void * /*dest*/, const void * /*src*/, int /*destoffset*/, int /*srcoffset*/, size_t /*nbits*/) __attribute__((__nonnull__(1,2)));
Xextern __declspec(__nothrow) void _membitmovebl(void *  , const void *  , int  , int  , size_t  ) __attribute__((__nonnull__(1,2)));
Nextern _ARMABI void _membitmovebb(void * /*dest*/, const void * /*src*/, int /*destoffset*/, int /*srcoffset*/, size_t /*nbits*/) __attribute__((__nonnull__(1,2)));
Xextern __declspec(__nothrow) void _membitmovebb(void *  , const void *  , int  , int  , size_t  ) __attribute__((__nonnull__(1,2)));
Nextern _ARMABI void _membitmovehl(void * /*dest*/, const void * /*src*/, int /*destoffset*/, int /*srcoffset*/, size_t /*nbits*/) __attribute__((__nonnull__(1,2)));
Xextern __declspec(__nothrow) void _membitmovehl(void *  , const void *  , int  , int  , size_t  ) __attribute__((__nonnull__(1,2)));
Nextern _ARMABI void _membitmovehb(void * /*dest*/, const void * /*src*/, int /*destoffset*/, int /*srcoffset*/, size_t /*nbits*/) __attribute__((__nonnull__(1,2)));
Xextern __declspec(__nothrow) void _membitmovehb(void *  , const void *  , int  , int  , size_t  ) __attribute__((__nonnull__(1,2)));
Nextern _ARMABI void _membitmovewl(void * /*dest*/, const void * /*src*/, int /*destoffset*/, int /*srcoffset*/, size_t /*nbits*/) __attribute__((__nonnull__(1,2)));
Xextern __declspec(__nothrow) void _membitmovewl(void *  , const void *  , int  , int  , size_t  ) __attribute__((__nonnull__(1,2)));
Nextern _ARMABI void _membitmovewb(void * /*dest*/, const void * /*src*/, int /*destoffset*/, int /*srcoffset*/, size_t /*nbits*/) __attribute__((__nonnull__(1,2)));
Xextern __declspec(__nothrow) void _membitmovewb(void *  , const void *  , int  , int  , size_t  ) __attribute__((__nonnull__(1,2)));
N    /*
N     * Copies or moves a piece of memory from one place to another,
N     * with one-bit granularity. So you can start or finish a copy
N     * part way through a byte, and you can copy between regions
N     * with different alignment within a byte.
N     * 
N     * All these functions have the same prototype: two void *
N     * pointers for destination and source, then two integers
N     * giving the bit offset from those pointers, and finally the
N     * number of bits to copy.
N     * 
N     * Just like memcpy and memmove, the "cpy" functions copy as
N     * fast as they can in the assumption that the memory regions
N     * do not overlap, while the "move" functions cope correctly
N     * with overlap.
N     *
N     * Treating memory as a stream of individual bits requires
N     * defining a convention about what order those bits are
N     * considered to be arranged in. The above functions support
N     * multiple conventions:
N     * 
N     *  - the "bl" functions consider the unit of memory to be the
N     *    byte, and consider the bits within each byte to be
N     *    arranged in little-endian fashion, so that the LSB comes
N     *    first. (For example, membitcpybl(a,b,0,7,1) would copy
N     *    the MSB of the byte at b to the LSB of the byte at a.)
N     * 
N     *  - the "bb" functions consider the unit of memory to be the
N     *    byte, and consider the bits within each byte to be
N     *    arranged in big-endian fashion, so that the MSB comes
N     *    first.
N     * 
N     *  - the "hl" functions consider the unit of memory to be the
N     *    16-bit halfword, and consider the bits within each word
N     *    to be arranged in little-endian fashion.
N     * 
N     *  - the "hb" functions consider the unit of memory to be the
N     *    16-bit halfword, and consider the bits within each word
N     *    to be arranged in big-endian fashion.
N     * 
N     *  - the "wl" functions consider the unit of memory to be the
N     *    32-bit word, and consider the bits within each word to be
N     *    arranged in little-endian fashion.
N     * 
N     *  - the "wb" functions consider the unit of memory to be the
N     *    32-bit word, and consider the bits within each word to be
N     *    arranged in big-endian fashion.
N     */
N
N    #ifdef __cplusplus
S         }  /* extern "C" */
S      }  /* namespace std */
N    #endif /* __cplusplus */
N  #endif /* __STRING_DECLS */
N
N  #ifdef __cplusplus
S    #ifndef __STRING_NO_EXPORTS
S      using ::std::size_t;
S      using ::std::memcpy;
S      using ::std::memmove;
S      using ::std::strcpy;
S      using ::std::strncpy;
S      using ::std::strcat;
S      using ::std::strncat;
S      using ::std::memcmp;
S      using ::std::strcmp;
S      using ::std::strncmp;
S      using ::std::strcasecmp;
S      using ::std::strncasecmp;
S      using ::std::strcoll;
S      using ::std::strxfrm;
S      using ::std::memchr;
S      using ::std::strchr;
S      using ::std::strcspn;
S      using ::std::strpbrk;
S      using ::std::strrchr;
S      using ::std::strspn;
S      using ::std::strstr;
S      using ::std::strtok;
S#ifndef __STRICT_ANSI__
S      using ::std::strtok_r;
S#endif
S      using ::std::_strtok_r;
S      using ::std::memset;
S      using ::std::strerror;
S      using ::std::strlen;
S      using ::std::strlcpy;
S      using ::std::strlcat;
S      using ::std::_membitcpybl;
S      using ::std::_membitcpybb;
S      using ::std::_membitcpyhl;
S      using ::std::_membitcpyhb;
S      using ::std::_membitcpywl;
S      using ::std::_membitcpywb;
S      using ::std::_membitmovebl;
S      using ::std::_membitmovebb;
S      using ::std::_membitmovehl;
S      using ::std::_membitmovehb;
S      using ::std::_membitmovewl;
S      using ::std::_membitmovewb;
S    #endif /* __STRING_NO_EXPORTS */
N  #endif /* __cplusplus */
N
N#endif
N
N/* end of string.h */
N
L 23 "..\..\..\source\target\target_board.c" 2
N#include "target_board.h"
L 1 "..\..\..\source\target\target_board.h" 1
N/**
N * @file    target_board.h
N * @brief
N *
N * DAPLink Interface Firmware
N * Copyright (c) 2018-2019, ARM Limited, All Rights Reserved
N * SPDX-License-Identifier: Apache-2.0
N *
N * Licensed under the Apache License, Version 2.0 (the "License"); you may
N * not use this file except in compliance with the License.
N * You may obtain a copy of the License at
N *
N * http://www.apache.org/licenses/LICENSE-2.0
N *
N * Unless required by applicable law or agreed to in writing, software
N * distributed under the License is distributed on an "AS IS" BASIS, WITHOUT
N * WARRANTIES OR CONDITIONS OF ANY KIND, either express or implied.
N * See the License for the specific language governing permissions and
N * limitations under the License.
N */
N
N#ifndef TARGET_BOARD_H
N#define TARGET_BOARD_H
N
N#include <stdint.h>
L 1 "C:\Keil_v5\ARM\ARMCC\Bin\..\include\stdint.h" 1
N/* Copyright (C) ARM Ltd., 1999,2014 */
N/* All rights reserved */
N
N/*
N * RCS $Revision$
N * Checkin $Date$
N * Revising $Author: agrant $
N */
N
N#ifndef __stdint_h
N#define __stdint_h
N#define __ARMCLIB_VERSION 5060044
N
N  #ifdef __INT64_TYPE__
S    /* armclang predefines '__INT64_TYPE__' and '__INT64_C_SUFFIX__' */
S    #define __INT64 __INT64_TYPE__
N  #else
N    /* armcc has builtin '__int64' which can be used in --strict mode */
N    #define __INT64 __int64
N    #define __INT64_C_SUFFIX__ ll
N  #endif
N  #define __PASTE2(x, y) x ## y
N  #define __PASTE(x, y) __PASTE2(x, y)
N  #define __INT64_C(x)  __ESCAPE__(__PASTE(x, __INT64_C_SUFFIX__))
N  #define __UINT64_C(x)  __ESCAPE__(__PASTE(x ## u, __INT64_C_SUFFIX__))
N  #if defined(__clang__) || (defined(__ARMCC_VERSION) && !defined(__STRICT_ANSI__))
X  #if 0L || (1L && !0L)
N    /* armclang and non-strict armcc allow 'long long' in system headers */
N    #define __LONGLONG long long
N  #else
S    /* strict armcc has '__int64' */
S    #define __LONGLONG __int64
N  #endif
N
N  #ifndef __STDINT_DECLS
N  #define __STDINT_DECLS
N
N    #undef __CLIBNS
N
N    #ifdef __cplusplus
S      namespace std {
S          #define __CLIBNS std::
S          extern "C" {
N    #else
N      #define __CLIBNS
N    #endif  /* __cplusplus */
N
N
N/*
N * 'signed' is redundant below, except for 'signed char' and if
N * the typedef is used to declare a bitfield.
N */
N
N    /* 7.18.1.1 */
N
N    /* exact-width signed integer types */
Ntypedef   signed          char int8_t;
Ntypedef   signed short     int int16_t;
Ntypedef   signed           int int32_t;
Ntypedef   signed       __INT64 int64_t;
Xtypedef   signed       __int64 int64_t;
N
N    /* exact-width unsigned integer types */
Ntypedef unsigned          char uint8_t;
Ntypedef unsigned short     int uint16_t;
Ntypedef unsigned           int uint32_t;
Ntypedef unsigned       __INT64 uint64_t;
Xtypedef unsigned       __int64 uint64_t;
N
N    /* 7.18.1.2 */
N
N    /* smallest type of at least n bits */
N    /* minimum-width signed integer types */
Ntypedef   signed          char int_least8_t;
Ntypedef   signed short     int int_least16_t;
Ntypedef   signed           int int_least32_t;
Ntypedef   signed       __INT64 int_least64_t;
Xtypedef   signed       __int64 int_least64_t;
N
N    /* minimum-width unsigned integer types */
Ntypedef unsigned          char uint_least8_t;
Ntypedef unsigned short     int uint_least16_t;
Ntypedef unsigned           int uint_least32_t;
Ntypedef unsigned       __INT64 uint_least64_t;
Xtypedef unsigned       __int64 uint_least64_t;
N
N    /* 7.18.1.3 */
N
N    /* fastest minimum-width signed integer types */
Ntypedef   signed           int int_fast8_t;
Ntypedef   signed           int int_fast16_t;
Ntypedef   signed           int int_fast32_t;
Ntypedef   signed       __INT64 int_fast64_t;
Xtypedef   signed       __int64 int_fast64_t;
N
N    /* fastest minimum-width unsigned integer types */
Ntypedef unsigned           int uint_fast8_t;
Ntypedef unsigned           int uint_fast16_t;
Ntypedef unsigned           int uint_fast32_t;
Ntypedef unsigned       __INT64 uint_fast64_t;
Xtypedef unsigned       __int64 uint_fast64_t;
N
N    /* 7.18.1.4 integer types capable of holding object pointers */
N#if __sizeof_ptr == 8
X#if 4 == 8
Stypedef   signed       __INT64 intptr_t;
Stypedef unsigned       __INT64 uintptr_t;
N#else
Ntypedef   signed           int intptr_t;
Ntypedef unsigned           int uintptr_t;
N#endif
N
N    /* 7.18.1.5 greatest-width integer types */
Ntypedef   signed     __LONGLONG intmax_t;
Xtypedef   signed     long long intmax_t;
Ntypedef unsigned     __LONGLONG uintmax_t;
Xtypedef unsigned     long long uintmax_t;
N
N
N#if !defined(__cplusplus) || defined(__STDC_LIMIT_MACROS)
X#if !0L || 0L
N
N    /* 7.18.2.1 */
N
N    /* minimum values of exact-width signed integer types */
N#define INT8_MIN                   -128
N#define INT16_MIN                -32768
N#define INT32_MIN          (~0x7fffffff)   /* -2147483648 is unsigned */
N#define INT64_MIN  __INT64_C(~0x7fffffffffffffff) /* -9223372036854775808 is unsigned */
N
N    /* maximum values of exact-width signed integer types */
N#define INT8_MAX                    127
N#define INT16_MAX                 32767
N#define INT32_MAX            2147483647
N#define INT64_MAX  __INT64_C(9223372036854775807)
N
N    /* maximum values of exact-width unsigned integer types */
N#define UINT8_MAX                   255
N#define UINT16_MAX                65535
N#define UINT32_MAX           4294967295u
N#define UINT64_MAX __UINT64_C(18446744073709551615)
N
N    /* 7.18.2.2 */
N
N    /* minimum values of minimum-width signed integer types */
N#define INT_LEAST8_MIN                   -128
N#define INT_LEAST16_MIN                -32768
N#define INT_LEAST32_MIN          (~0x7fffffff)
N#define INT_LEAST64_MIN  __INT64_C(~0x7fffffffffffffff)
N
N    /* maximum values of minimum-width signed integer types */
N#define INT_LEAST8_MAX                    127
N#define INT_LEAST16_MAX                 32767
N#define INT_LEAST32_MAX            2147483647
N#define INT_LEAST64_MAX  __INT64_C(9223372036854775807)
N
N    /* maximum values of minimum-width unsigned integer types */
N#define UINT_LEAST8_MAX                   255
N#define UINT_LEAST16_MAX                65535
N#define UINT_LEAST32_MAX           4294967295u
N#define UINT_LEAST64_MAX __UINT64_C(18446744073709551615)
N
N    /* 7.18.2.3 */
N
N    /* minimum values of fastest minimum-width signed integer types */
N#define INT_FAST8_MIN           (~0x7fffffff)
N#define INT_FAST16_MIN          (~0x7fffffff)
N#define INT_FAST32_MIN          (~0x7fffffff)
N#define INT_FAST64_MIN  __INT64_C(~0x7fffffffffffffff)
N
N    /* maximum values of fastest minimum-width signed integer types */
N#define INT_FAST8_MAX             2147483647
N#define INT_FAST16_MAX            2147483647
N#define INT_FAST32_MAX            2147483647
N#define INT_FAST64_MAX  __INT64_C(9223372036854775807)
N
N    /* maximum values of fastest minimum-width unsigned integer types */
N#define UINT_FAST8_MAX            4294967295u
N#define UINT_FAST16_MAX           4294967295u
N#define UINT_FAST32_MAX           4294967295u
N#define UINT_FAST64_MAX __UINT64_C(18446744073709551615)
N
N    /* 7.18.2.4 */
N
N    /* minimum value of pointer-holding signed integer type */
N#if __sizeof_ptr == 8
X#if 4 == 8
S#define INTPTR_MIN INT64_MIN
N#else
N#define INTPTR_MIN INT32_MIN
N#endif
N
N    /* maximum value of pointer-holding signed integer type */
N#if __sizeof_ptr == 8
X#if 4 == 8
S#define INTPTR_MAX INT64_MAX
N#else
N#define INTPTR_MAX INT32_MAX
N#endif
N
N    /* maximum value of pointer-holding unsigned integer type */
N#if __sizeof_ptr == 8
X#if 4 == 8
S#define UINTPTR_MAX UINT64_MAX
N#else
N#define UINTPTR_MAX UINT32_MAX
N#endif
N
N    /* 7.18.2.5 */
N
N    /* minimum value of greatest-width signed integer type */
N#define INTMAX_MIN  __ESCAPE__(~0x7fffffffffffffffll)
N
N    /* maximum value of greatest-width signed integer type */
N#define INTMAX_MAX  __ESCAPE__(9223372036854775807ll)
N
N    /* maximum value of greatest-width unsigned integer type */
N#define UINTMAX_MAX __ESCAPE__(18446744073709551615ull)
N
N    /* 7.18.3 */
N
N    /* limits of ptrdiff_t */
N#if __sizeof_ptr == 8
X#if 4 == 8
S#define PTRDIFF_MIN INT64_MIN
S#define PTRDIFF_MAX INT64_MAX
N#else
N#define PTRDIFF_MIN INT32_MIN
N#define PTRDIFF_MAX INT32_MAX
N#endif
N
N    /* limits of sig_atomic_t */
N#define SIG_ATOMIC_MIN (~0x7fffffff)
N#define SIG_ATOMIC_MAX   2147483647
N
N    /* limit of size_t */
N#if __sizeof_ptr == 8
X#if 4 == 8
S#define SIZE_MAX UINT64_MAX
N#else
N#define SIZE_MAX UINT32_MAX
N#endif
N
N    /* limits of wchar_t */
N    /* NB we have to undef and redef because they're defined in both
N     * stdint.h and wchar.h */
N#undef WCHAR_MIN
N#undef WCHAR_MAX
N
N#if defined(__WCHAR32) || (defined(__ARM_SIZEOF_WCHAR_T) && __ARM_SIZEOF_WCHAR_T == 4)
X#if 0L || (0L && __ARM_SIZEOF_WCHAR_T == 4)
S  #define WCHAR_MIN   0
S  #define WCHAR_MAX   0xffffffffU
N#else
N  #define WCHAR_MIN   0
N  #define WCHAR_MAX   65535
N#endif
N
N    /* limits of wint_t */
N#define WINT_MIN (~0x7fffffff)
N#define WINT_MAX 2147483647
N
N#endif /* __STDC_LIMIT_MACROS */
N
N#if !defined(__cplusplus) || defined(__STDC_CONSTANT_MACROS)
X#if !0L || 0L
N
N    /* 7.18.4.1 macros for minimum-width integer constants */
N#define INT8_C(x)   (x)
N#define INT16_C(x)  (x)
N#define INT32_C(x)  (x)
N#define INT64_C(x)  __INT64_C(x)
N
N#define UINT8_C(x)  (x ## u)
N#define UINT16_C(x) (x ## u)
N#define UINT32_C(x) (x ## u)
N#define UINT64_C(x) __UINT64_C(x)
N
N    /* 7.18.4.2 macros for greatest-width integer constants */
N#define INTMAX_C(x)  __ESCAPE__(x ## ll)
N#define UINTMAX_C(x) __ESCAPE__(x ## ull)
N
N#endif /* __STDC_CONSTANT_MACROS */
N
N    #ifdef __cplusplus
S         }  /* extern "C" */
S      }  /* namespace std */
N    #endif /* __cplusplus */
N  #endif /* __STDINT_DECLS */
N
N  #ifdef __cplusplus
S    #ifndef __STDINT_NO_EXPORTS
S      using ::std::int8_t;
S      using ::std::int16_t;
S      using ::std::int32_t;
S      using ::std::int64_t;
S      using ::std::uint8_t;
S      using ::std::uint16_t;
S      using ::std::uint32_t;
S      using ::std::uint64_t;
S      using ::std::int_least8_t;
S      using ::std::int_least16_t;
S      using ::std::int_least32_t;
S      using ::std::int_least64_t;
S      using ::std::uint_least8_t;
S      using ::std::uint_least16_t;
S      using ::std::uint_least32_t;
S      using ::std::uint_least64_t;
S      using ::std::int_fast8_t;
S      using ::std::int_fast16_t;
S      using ::std::int_fast32_t;
S      using ::std::int_fast64_t;
S      using ::std::uint_fast8_t;
S      using ::std::uint_fast16_t;
S      using ::std::uint_fast32_t;
S      using ::std::uint_fast64_t;
S      using ::std::intptr_t;
S      using ::std::uintptr_t;
S      using ::std::intmax_t;
S      using ::std::uintmax_t;
S    #endif
N  #endif /* __cplusplus */
N
N#undef __INT64
N#undef __LONGLONG
N
N#endif /* __stdint_h */
N
N/* end of stdint.h */
L 26 "..\..\..\source\target\target_board.h" 2
N#include "target_config.h"
L 1 "..\..\..\source\target\target_config.h" 1
N/**
N * @file    target_config.h
N * @brief
N *
N * DAPLink Interface Firmware
N * Copyright (c) 2009-2019, ARM Limited, All Rights Reserved
N * SPDX-License-Identifier: Apache-2.0
N *
N * Licensed under the Apache License, Version 2.0 (the "License"); you may
N * not use this file except in compliance with the License.
N * You may obtain a copy of the License at
N *
N * http://www.apache.org/licenses/LICENSE-2.0
N *
N * Unless required by applicable law or agreed to in writing, software
N * distributed under the License is distributed on an "AS IS" BASIS, WITHOUT
N * WARRANTIES OR CONDITIONS OF ANY KIND, either express or implied.
N * See the License for the specific language governing permissions and
N * limitations under the License.
N */
N
N#ifndef TARGET_CONFIG_H
N#define TARGET_CONFIG_H
N
N#include <stddef.h>
L 1 "C:\Keil_v5\ARM\ARMCC\Bin\..\include\stddef.h" 1
N/* stddef.h: ANSI 'C' (X3J11 Oct 88) library header, section 4.1.4 */
N
N/* Copyright (C) ARM Ltd., 1999
N * All rights reserved
N * RCS $Revision$
N * Checkin $Date$
N * Revising $Author: agrant $
N */
N
N/* Copyright (C) Codemist Ltd., 1988                            */
N/* Copyright 1991 ARM Limited. All rights reserved.             */
N/* version 0.05 */
N
N/*
N * The following types and macros are defined in several headers referred to in
N * the descriptions of the functions declared in that header. They are also
N * defined in this header file.
N */
N
N#ifndef __stddef_h
N#define __stddef_h
N#define __ARMCLIB_VERSION 5060044
N
N  #ifndef __STDDEF_DECLS
N  #define __STDDEF_DECLS
N    #undef __CLIBNS
N    #ifdef __cplusplus
S        namespace std {
S        #define __CLIBNS ::std::
S        extern "C" {
N    #else
N      #define __CLIBNS
N    #endif  /* __cplusplus */
N
N#if __sizeof_ptr == 8
X#if 4 == 8
S  typedef signed long ptrdiff_t;
N#else
N  typedef signed int ptrdiff_t;
N#endif
N
N#if defined(__cplusplus) || !defined(__STRICT_ANSI__)
X#if 0L || !0L
N /* unconditional in C++ and non-strict C for consistency of debug info */
N  #if __sizeof_ptr == 8
X  #if 4 == 8
S    typedef unsigned long size_t;   /* see <stddef.h> */
N  #else
N    typedef unsigned int size_t;   /* see <stddef.h> */
N  #endif
N#elif !defined(__size_t)
X#elif !0L
S  #define __size_t 1
S  #if __sizeof_ptr == 8
S    typedef unsigned long size_t;   /* see <stddef.h> */
S  #else
S    typedef unsigned int size_t;   /* see <stddef.h> */
S  #endif
S   /* the unsigned integral type of the result of the sizeof operator. */
N#endif
N
N#ifndef __cplusplus  /* wchar_t is a builtin type for C++ */
N  #if !defined(__STRICT_ANSI__)
X  #if !0L
N  /* unconditional in non-strict C for consistency of debug info */
N    #if defined(__WCHAR32) || (defined(__ARM_SIZEOF_WCHAR_T) && __ARM_SIZEOF_WCHAR_T == 4)
X    #if 0L || (0L && __ARM_SIZEOF_WCHAR_T == 4)
S      typedef unsigned int wchar_t; /* also in <stdlib.h> and <inttypes.h> */
N    #else
N      typedef unsigned short wchar_t; /* also in <stdlib.h> and <inttypes.h> */
N    #endif
N  #elif !defined(__wchar_t)
X  #elif !0L
S    #define __wchar_t 1
S    #if defined(__WCHAR32) || (defined(__ARM_SIZEOF_WCHAR_T) && __ARM_SIZEOF_WCHAR_T == 4)
S      typedef unsigned int wchar_t; /* also in <stdlib.h> and <inttypes.h> */
S    #else
S      typedef unsigned short wchar_t; /* also in <stdlib.h> and <inttypes.h> */
S    #endif
S   /*
S    * An integral type whose range of values can represent distinct codes for
S    * all members of the largest extended character set specified among the
S    * supported locales; the null character shall have the code value zero and
S    * each member of the basic character set shall have a code value when used
S    * as the lone character in an integer character constant.
S    */
N  #endif
N#endif
N
N#undef NULL  /* others (e.g. <stdio.h>) also define */
N#define NULL 0
N   /* null pointer constant. */
N
N#ifdef __clang__
S  #define offsetof(t, d) __builtin_offsetof(t, d)
N#else
N  /* EDG uses __INTADDR__ to avoid errors when strict */
N  #define offsetof(t, memb) ((__CLIBNS size_t)__INTADDR__(&(((t *)0)->memb)))
N#endif
N
N#if !defined(__STRICT_ANSI__) || (defined(__STDC_VERSION__) && 201112L <= __STDC_VERSION__) || (defined(__cplusplus) && 201103L <= __cplusplus)
X#if !0L || (1L && 201112L <= 199901L) || (0L && 201103L <= __cplusplus)
N  typedef long double max_align_t;
N#endif
N
N    #ifdef __cplusplus
S         }  /* extern "C" */
S      }  /* namespace std */
N    #endif /* __cplusplus */
N  #endif /* __STDDEF_DECLS */
N
N
N  #ifdef __cplusplus
S    #ifndef __STDDEF_NO_EXPORTS
S      using ::std::size_t;
S      using ::std::ptrdiff_t;
S      #if !defined(__STRICT_ANSI__) || (defined(__cplusplus) && 201103L <= __cplusplus)
S        using ::std::max_align_t;
S      #endif
S    #endif 
N  #endif /* __cplusplus */
N
N#endif
N
N/* end of stddef.h */
N
L 26 "..\..\..\source\target\target_config.h" 2
N#include <stdint.h>
N
N#include "flash_blob.h"
L 1 "..\..\..\source\hic_hal\flash_blob.h" 1
N/**
N * @file    flash_blob.h
N * @brief
N *
N * DAPLink Interface Firmware
N * Copyright (c) 2009-2016, ARM Limited, All Rights Reserved
N * Copyright 2019, Cypress Semiconductor Corporation 
N * or a subsidiary of Cypress Semiconductor Corporation.
N * SPDX-License-Identifier: Apache-2.0
N *
N * Licensed under the Apache License, Version 2.0 (the "License"); you may
N * not use this file except in compliance with the License.
N * You may obtain a copy of the License at
N *
N * http://www.apache.org/licenses/LICENSE-2.0
N *
N * Unless required by applicable law or agreed to in writing, software
N * distributed under the License is distributed on an "AS IS" BASIS, WITHOUT
N * WARRANTIES OR CONDITIONS OF ANY KIND, either express or implied.
N * See the License for the specific language governing permissions and
N * limitations under the License.
N */
N
N#ifndef FLASH_BLOB_H
N#define FLASH_BLOB_H
N
N#include <stdint.h>
N
N#ifdef __cplusplus
Sextern "C" {
N#endif
N
N// Flags for program_target
Nenum { 
N    kAlgoVerifyReturnsAddress = (1u << 0u),     /*!< Verify function returns address if bit set */
N    kAlgoSingleInitType =       (1u << 1u),     /*!< The init function ignores the function code. */
N    kAlgoSkipChipErase =        (1u << 2u),     /*!< Skip region when erase.act action triggers. */
N};
N
Ntypedef struct __attribute__((__packed__)) {
N    uint32_t breakpoint;
N    uint32_t static_base;
N    uint32_t stack_pointer;
N} program_syscall_t;
N
Ntypedef struct __attribute__((__packed__)) {
N    const uint32_t  init;
N    const uint32_t  uninit;
N    const uint32_t  erase_chip;
N    const uint32_t  erase_sector;
N    const uint32_t  program_page;
N    const uint32_t  verify;
N    const program_syscall_t sys_call_s;
N    const uint32_t  program_buffer;
N    const uint32_t  algo_start;
N    const uint32_t  algo_size;
N    const uint32_t *algo_blob;
N    const uint32_t  program_buffer_size;
N    const uint32_t  algo_flags;         /*!< Combination of kAlgoVerifyReturnsAddress, kAlgoSingleInitType and kAlgoSkipChipErase*/
N} program_target_t;
N
Ntypedef struct __attribute__((__packed__)) {
N    const uint32_t start;
N    const uint32_t size;
N} sector_info_t;
N
N#ifdef __cplusplus
S}
N#endif
N
N#endif
L 29 "..\..\..\source\target\target_config.h" 2
N#include "util.h"
L 1 "..\..\..\source\daplink\util.h" 1
N/**
N * @file    util.h
N * @brief   useful things
N *
N * DAPLink Interface Firmware
N * Copyright (c) 2009-2020, ARM Limited, All Rights Reserved
N * SPDX-License-Identifier: Apache-2.0
N *
N * Licensed under the Apache License, Version 2.0 (the "License"); you may
N * not use this file except in compliance with the License.
N * You may obtain a copy of the License at
N *
N * http://www.apache.org/licenses/LICENSE-2.0
N *
N * Unless required by applicable law or agreed to in writing, software
N * distributed under the License is distributed on an "AS IS" BASIS, WITHOUT
N * WARRANTIES OR CONDITIONS OF ANY KIND, either express or implied.
N * See the License for the specific language governing permissions and
N * limitations under the License.
N */
N
N#ifndef UTIL_H
N#define UTIL_H
N
N#include <stdbool.h>
L 1 "C:\Keil_v5\ARM\ARMCC\Bin\..\include\stdbool.h" 1
N/* stdbool.h: ISO/IEC 9899:1999 (C99), section 7.16 */
N
N/* Copyright (C) ARM Ltd., 2002
N * All rights reserved
N * RCS $Revision$
N * Checkin $Date$
N * Revising $Author: drodgman $
N */
N
N#ifndef __bool_true_false_are_defined
N#define __bool_true_false_are_defined 1
N#define __ARMCLIB_VERSION 5060044
N
N  #ifndef __cplusplus /* In C++, 'bool', 'true' and 'false' and keywords */
N    #define bool _Bool
N    #define true 1
N    #define false 0
N  #else
S    #ifdef __GNUC__
S      /* GNU C++ supports direct inclusion of stdbool.h to provide C99
S         compatibility by defining _Bool */
S      #define _Bool bool
S    #endif
N  #endif
N
N#endif /* __bool_true_false_are_defined */
N
L 26 "..\..\..\source\daplink\util.h" 2
N#include <stdint.h>
N
N// Protect commonly-defined macros with ifdefs, to prevent conflicts if redefined
N// in imported sources (mostly vendor SDKs).
N
N#if !defined(ARRAY_SIZE)
X#if !0L
N//! @brief Get number of elements in the array.
N#define ARRAY_SIZE(array) (sizeof(array) / sizeof(array[0]))
N#endif
N
N#if !defined(MIN)
X#if !0L
N#define MIN(a,b)                        ((a) < (b) ? (a) : (b))
N#endif
N
N#if !defined(MAX)
X#if !0L
N#define MAX(a,b)                        ((a) > (b) ? (a) : (b))
N#endif
N
N#define MB(size)                        ((size) * 1024 * 1024)
N
N#define KB(size)                        ((size) * 1024)
N
N#define ROUND_UP(value, boundary)       ((value) + ((boundary) - (value)) % (boundary))
N
N#define ROUND_DOWN(value, boundary)     ((value) - ((value) % (boundary)))
N
N#ifdef __cplusplus
Sextern "C" {
N#endif
N
N// Write the value to the address specified and return the size
Nuint32_t util_write_hex8(char *str, uint8_t value);
Nuint32_t util_write_hex16(char *str, uint16_t value);
Nuint32_t util_write_hex32(char *str, uint32_t value);
Nuint32_t util_write_uint32(char *str, uint32_t value);
Nuint32_t util_write_uint32(char *str, uint32_t value);
Nuint32_t util_write_uint32_zp(char *str, uint32_t value, uint16_t total_size);
Nuint32_t util_write_string(char *str, const char *data);
N
Nuint32_t util_div_round_up(uint32_t dividen, uint32_t divisor);
Nuint32_t util_div_round_down(uint32_t dividen, uint32_t divisor);
Nuint32_t util_div_round(uint32_t dividen, uint32_t divisor);
N
N#if !(defined(DAPLINK_NO_ASSERT_FILENAMES) && defined(DAPLINK_BL))
X#if !(1L && 0L)
N// With the filename enabled.
N#define util_assert(expression) _util_assert((expression), __FILE__, __LINE__)
N#else
S// Filename disabled to save code size.
S#define util_assert(expression) _util_assert((expression), "(file)", __LINE__)
N#endif
Nvoid _util_assert(bool expression, const char *filename, uint16_t line);
Xvoid _util_assert(_Bool expression, const char *filename, uint16_t line);
N
Nvoid util_assert_clear(void);
N
N#ifdef __cplusplus
S}
N#endif
N
N#endif
L 30 "..\..\..\source\target\target_config.h" 2
N
N//! This can vary from target to target and should be in the structure or flash blob
N#define TARGET_AUTO_INCREMENT_PAGE_SIZE    (1024)
N
N//! Additional flash and ram regions
N#define MAX_REGIONS (10)
N
N//! @brief Option flags for memory regions.
Nenum _region_flags {
N    kRegionIsDefault = (1 << 0), /*!< Out of bounds regions will use the same flash algo if this is set */
N    kRegionIsSecure  = (1 << 1), /*!< The region can only be accessed from the secure world. Only applies for TrustZone-enabled targets. */
N};
N
N/*!
N * @brief Details of a target flash or RAM memory region.
N */
Ntypedef struct __attribute__((__packed__)) region_info {
N    uint32_t start;                 /*!< Region start address. */
N    uint32_t end;                   /*!< Region end address. */
N    uint32_t flags;                 /*!< Flags for this region from the #_region_flags enumeration. */
N    uint32_t alias_index;           /*!< Use with flags; will point to a different index if there is an alias region */
N    program_target_t *flash_algo;   /*!< A pointer to the flash algorithm structure */
N} region_info_t;
N
N/*!
N * @brief Information required to program target flash.
N */
Ntypedef struct __attribute__((__packed__)) target_cfg {
N    uint32_t version;                           /*!< Target configuration version */
N    const sector_info_t* sectors_info;          /*!< Sector start and length list */
N    uint32_t sector_info_length;                /*!< Number of entries in the sectors_info array */
N    region_info_t flash_regions[MAX_REGIONS];   /*!< Flash regions */
X    region_info_t flash_regions[(10)];    
N    region_info_t ram_regions[MAX_REGIONS];     /*!< RAM regions  */
X    region_info_t ram_regions[(10)];      
N    const char *rt_board_id;                    /*!< If assigned, this is a flexible board ID */
N    uint16_t rt_family_id;                      /*!< If assigned, this is a flexible family ID */
N    uint8_t erase_reset;                        /*!< Reset after performing an erase */
N    uint8_t pad;
N} target_cfg_t;
N
Nextern target_cfg_t target_device;
N
N
N#endif
L 27 "..\..\..\source\target\target_board.h" 2
N#include "target_family.h"
L 1 "..\..\..\source\target\target_family.h" 1
N/**
N * @file    target_family.h
N * @brief
N *
N * DAPLink Interface Firmware
N * Copyright (c) 2018-2019, ARM Limited, All Rights Reserved
N * SPDX-License-Identifier: Apache-2.0
N *
N * Licensed under the Apache License, Version 2.0 (the "License"); you may
N * not use this file except in compliance with the License.
N * You may obtain a copy of the License at
N *
N * http://www.apache.org/licenses/LICENSE-2.0
N *
N * Unless required by applicable law or agreed to in writing, software
N * distributed under the License is distributed on an "AS IS" BASIS, WITHOUT
N * WARRANTIES OR CONDITIONS OF ANY KIND, either express or implied.
N * See the License for the specific language governing permissions and
N * limitations under the License.
N */
N
N#ifndef TARGET_FAMILY_H
N#define TARGET_FAMILY_H
N
N#include <stdint.h>
N#include <string.h>
N
N//! @brief Creates a family ID from a vendor ID and family index within that vendor.
N#define VENDOR_TO_FAMILY(vendor, family) ((vendor) << 8 | (family))
N
N//! @brief States into which the target can be placed.
N//!
N//! These enums are passed to target_set_state() and indicate the desired state into which
N//! the target should be reset.
Ntypedef enum _target_state {
N    RESET_HOLD,              //!< Hold target in reset
N    RESET_PROGRAM,           //!< Reset target and setup for flash programming
N    RESET_RUN,               //!< Reset target and run normally
N    NO_DEBUG,                //!< Disable debug on running target
N    DEBUG,                   //!< Enable debug on running target
N    HALT,                    //!< Halt the target without resetting it
N    RUN,                     //!< Resume the target without resetting it
N    POST_FLASH_RESET,        //!< Reset target after flash programming
N    POWER_ON,                //!< Poweron the target
N    SHUTDOWN,                //!< Poweroff the target
N} target_state_t;
N
N//! @brief Options for reset.
Ntypedef enum _reset_type {
N    kHardwareReset = 1,
N    kSoftwareReset,
N} reset_type_t;
N
N//! @brief Unique IDs for vendors.
N//!
N//! The vendor IDs are the same as those used for the _DeviceVendorEnum_ defined for the PDSC file
N//! format from CMSIS-Packs. See the [DeviceVendorEnum
N//! documentation](https://arm-software.github.io/CMSIS_5/Pack/html/pdsc_family_pg.html#DeviceVendorEnum)
N//! for the list of ID values.
Nenum _vendor_ids {
N    kStub_VendorID = 0,
N    kNXP_VendorID = 11,
N    kTI_VendorID = 16,
N    kNordic_VendorID = 54,
N    kToshiba_VendorID = 92,
N    kRenesas_VendorID = 117,
N    kWiznet_VendorID = 122,
N    kRealtek_VendorID = 124,
N    kAmbiq_VendorID = 120,
N};
N
N//! @brief Unique IDs for device families supported by DAPLink.
N//!
N//! The values of these enums are created with the VENDOR_TO_FAMILY() macro. Vendor IDs come from
N//! the #_vendor_ids enumeration. The family index for each ID is simply an integer that is unique
N//! within the family.
N//!
N//! There are several "stub" families defined with a stub vendor. These families are meant to be
N//! used for devices that do not require any customized behaviour in order to be successfully
N//! controlled by DAPLink. The individual stub families provide some options for what reset type
N//! should be used, either hardware or software.
N//!
N//! To add a new family, first determine if you can simply use one of the stub families. For many
N//! devices, the stub families are sufficient and using them reduces complexity.
N//!
N//! If you do need a new family ID, first check if the vendor is present in #_vendor_ids. If not,
N//! add the vendor ID to that enum (see its documentation for the source of vendor ID values).
N//! Then pick a unique family index by adding 1 to the highest existing family index within that
N//! vendor. For a family with a new vendor, the family index should be 1.
Ntypedef enum _family_id {
N    kStub_HWReset_FamilyID = VENDOR_TO_FAMILY(kStub_VendorID, 1),
X    kStub_HWReset_FamilyID = ((kStub_VendorID) << 8 | (1)),
N    kStub_SWVectReset_FamilyID = VENDOR_TO_FAMILY(kStub_VendorID, 2),
X    kStub_SWVectReset_FamilyID = ((kStub_VendorID) << 8 | (2)),
N    kStub_SWSysReset_FamilyID = VENDOR_TO_FAMILY(kStub_VendorID, 3),
X    kStub_SWSysReset_FamilyID = ((kStub_VendorID) << 8 | (3)),
N    kNXP_KinetisK_FamilyID = VENDOR_TO_FAMILY(kNXP_VendorID, 1),
X    kNXP_KinetisK_FamilyID = ((kNXP_VendorID) << 8 | (1)),
N    kNXP_KinetisL_FamilyID = VENDOR_TO_FAMILY(kNXP_VendorID, 2),
X    kNXP_KinetisL_FamilyID = ((kNXP_VendorID) << 8 | (2)),
N    kNXP_Mimxrt_FamilyID = VENDOR_TO_FAMILY(kNXP_VendorID, 3),
X    kNXP_Mimxrt_FamilyID = ((kNXP_VendorID) << 8 | (3)),
N    kNXP_RapidIot_FamilyID = VENDOR_TO_FAMILY(kNXP_VendorID, 4),
X    kNXP_RapidIot_FamilyID = ((kNXP_VendorID) << 8 | (4)),
N    kNXP_KinetisK32W_FamilyID = VENDOR_TO_FAMILY(kNXP_VendorID, 5),
X    kNXP_KinetisK32W_FamilyID = ((kNXP_VendorID) << 8 | (5)),
N    kNordic_Nrf51_FamilyID = VENDOR_TO_FAMILY(kNordic_VendorID, 1),
X    kNordic_Nrf51_FamilyID = ((kNordic_VendorID) << 8 | (1)),
N    kNordic_Nrf52_FamilyID = VENDOR_TO_FAMILY(kNordic_VendorID, 2),
X    kNordic_Nrf52_FamilyID = ((kNordic_VendorID) << 8 | (2)),
N    kRealtek_Rtl8195am_FamilyID = VENDOR_TO_FAMILY(kRealtek_VendorID, 1),
X    kRealtek_Rtl8195am_FamilyID = ((kRealtek_VendorID) << 8 | (1)),
N    kTI_Cc3220sf_FamilyID = VENDOR_TO_FAMILY(kTI_VendorID, 1),
X    kTI_Cc3220sf_FamilyID = ((kTI_VendorID) << 8 | (1)),
N    kToshiba_Tz_FamilyID = VENDOR_TO_FAMILY(kToshiba_VendorID, 1),
X    kToshiba_Tz_FamilyID = ((kToshiba_VendorID) << 8 | (1)),
N    kWiznet_W7500_FamilyID = VENDOR_TO_FAMILY(kWiznet_VendorID, 1),
X    kWiznet_W7500_FamilyID = ((kWiznet_VendorID) << 8 | (1)),
N    kRenesas_FamilyID = VENDOR_TO_FAMILY(kRenesas_VendorID, 1),
X    kRenesas_FamilyID = ((kRenesas_VendorID) << 8 | (1)),
N    kAmbiq_ama3b1kk_FamilyID = VENDOR_TO_FAMILY(kAmbiq_VendorID, 1),
X    kAmbiq_ama3b1kk_FamilyID = ((kAmbiq_VendorID) << 8 | (1)),
N} family_id_t;
N
N//! @brief Defines all characteristics of a device family.
Ntypedef struct target_family_descriptor {
N    uint16_t family_id;                         /*!< Use to select or identify target family from defined target family or custom ones */
N    reset_type_t default_reset_type;            /*!< Target family can select predefined reset from  kHardwareReset and kSoftwareReset */
N    uint32_t soft_reset_type;                   /*!< Families can override software reset type to VECTRESET or SYSRESETREQ */
N    void (*target_before_init_debug)(void);     /*!< Target dependant function before debug initialization */
N    void (*prerun_target_config)(void);         /*!< Target specific initialization */
N    uint8_t (*target_unlock_sequence)(void);    /*!< Unlock targets that can enter lock state */
N    uint8_t (*security_bits_set)(uint32_t addr, uint8_t *data, uint32_t size);  /*!< Check security bits in the programmable flash region */
N    uint8_t (*target_set_state)(target_state_t state);      /*!< Families can customize target debug states */
N    void (*swd_set_target_reset)(uint8_t asserted);         /*!< Families can customize how to send reset to the target */
N    uint8_t (*validate_bin_nvic)(const uint8_t *buf);       /*!< Validate a bin file to be flash by drag and drop */
N    uint8_t (*validate_hexfile)(const uint8_t *buf);        /*!< Validate a hex file to be flash by drag and drop */
N    uint32_t apsel;                             /*!< APSEL for the family */
N} target_family_descriptor_t;
N
N//! @brief The active family used by the board.
N//!
N//! This global is initialized by init_family() just after DAPLink boots. Normally it matches
N//! the family specified by the #board_info_t::family_id field of #g_board_info.
Nextern const target_family_descriptor_t *g_target_family;
N
N#ifdef __cplusplus
Sextern "C" {
N#endif
N
N//! @brief Initialize g_target_family.
Nvoid init_family(void);
N
N//! @brief Reset the target into a new state.
N//!
N//! Used to prepare the target for some operation, or release it for user control.
Nuint8_t target_set_state(target_state_t state);
N
N//! @brief Controls reset of the target.
Nvoid swd_set_target_reset(uint8_t asserted);
N
N//! @brief Get the APSEL for the AHB-AP to use for controlling the target.
Nuint32_t target_get_apsel(void);
N
N#ifdef __cplusplus
S}
N#endif
N
N#endif
L 28 "..\..\..\source\target\target_board.h" 2
N#include "virtual_fs.h"
L 1 "..\..\..\source\daplink\drag-n-drop\virtual_fs.h" 1
N/**
N * @file    virtual_fs.h
N * @brief   FAT 12/16 filesystem handling
N *
N * DAPLink Interface Firmware
N * Copyright (c) 2009-2016, ARM Limited, All Rights Reserved
N * SPDX-License-Identifier: Apache-2.0
N *
N * Licensed under the Apache License, Version 2.0 (the "License"); you may
N * not use this file except in compliance with the License.
N * You may obtain a copy of the License at
N *
N * http://www.apache.org/licenses/LICENSE-2.0
N *
N * Unless required by applicable law or agreed to in writing, software
N * distributed under the License is distributed on an "AS IS" BASIS, WITHOUT
N * WARRANTIES OR CONDITIONS OF ANY KIND, either express or implied.
N * See the License for the specific language governing permissions and
N * limitations under the License.
N */
N
N#ifndef VIRTUAL_FS_H
N#define VIRTUAL_FS_H
N
N#include <stdint.h>
N
N#ifdef __cplusplus
Sextern "C" {
N#endif
N
N#define VFS_CLUSTER_SIZE        0x1000
N#define VFS_SECTOR_SIZE         512
N#define VFS_INVALID_SECTOR      0xFFFFFFFF
N#define VFS_FILE_INVALID        0
N#define VFS_MAX_FILES           16
N
Ntypedef char vfs_filename_t[11];
N
Ntypedef enum {
N    VFS_FILE_ATTR_READ_ONLY     = (1 << 0),
N    VFS_FILE_ATTR_HIDDEN        = (1 << 1),
N    VFS_FILE_ATTR_SYSTEM        = (1 << 2),
N    VFS_FILE_ATTR_VOLUME_LABEL  = (1 << 3),
N    VFS_FILE_ATTR_SUB_DIR       = (1 << 4),
N    VFS_FILE_ATTR_ARCHIVE       = (1 << 5),
N} vfs_file_attr_bit_t;
N
Ntypedef enum {
N    VFS_FILE_CREATED = 0,   /*!< A new file was created */
N    VFS_FILE_DELETED,       /*!< An existing file was deleted */
N    VFS_FILE_CHANGED,       /*!< Some attribute of the file changed.
N                                  Note: when a file is deleted or
N                                  created a file changed
N                                  notification will also occur*/
N} vfs_file_change_t;
N
Ntypedef void *vfs_file_t;
Ntypedef uint32_t vfs_sector_t;
N
N// Callback for when data is written to a file on the virtual filesystem
Ntypedef void (*vfs_write_cb_t)(uint32_t sector_offset, const uint8_t *data, uint32_t num_sectors);
N// Callback for when data is ready from the virtual filesystem
Ntypedef uint32_t (*vfs_read_cb_t)(uint32_t sector_offset, uint8_t *data, uint32_t num_sectors);
N// Callback for when a file's attributes are changed on the virtual filesystem.  Note that the 'file' parameter
N// can be saved and compared to other files to see if they are referencing the same object.  The
N// same cannot be done with new_file_data since it points to a temporary buffer.
Ntypedef void (*vfs_file_change_cb_t)(const vfs_filename_t filename, vfs_file_change_t change,
N                                     vfs_file_t file, vfs_file_t new_file_data);
N
N// Initialize the filesystem with the given size and name
Nvoid vfs_init(const vfs_filename_t drive_name, uint32_t disk_size);
N
N// Get the total size of the virtual filesystem
Nuint32_t vfs_get_total_size(void);
N
N// Add a file to the virtual FS and return a handle to this file.
N// This must be called before vfs_read or vfs_write are called.
N// Adding a new file after vfs_read or vfs_write have been called results in undefined behavior.
Nvfs_file_t vfs_create_file(const vfs_filename_t filename, vfs_read_cb_t read_cb, vfs_write_cb_t write_cb, uint32_t len);
N
N// Set the attributes of a file
Nvoid vfs_file_set_attr(vfs_file_t file, vfs_file_attr_bit_t attr);
N
N// Get the starting sector of this file.
N// NOTE - If the file size is 0 there is no starting
N// sector so VFS_INVALID_SECTOR will be returned.
Nvfs_sector_t vfs_file_get_start_sector(vfs_file_t file);
N
N// Get the size of the file.
Nuint32_t vfs_file_get_size(vfs_file_t file);
N
N// Get the attributes of a file
Nvfs_file_attr_bit_t vfs_file_get_attr(vfs_file_t file);
N
N// Set the callback when a file is created, deleted or has atributes changed.
Nvoid vfs_set_file_change_callback(vfs_file_change_cb_t cb);
N
N// Read one or more sectors from the virtual filesystem
Nvoid vfs_read(uint32_t sector, uint8_t *buf, uint32_t num_of_sectors);
N
N// Write one or more sectors to the virtual filesystem
Nvoid vfs_write(uint32_t sector, const uint8_t *buf, uint32_t num_of_sectors);
N
N#ifdef __cplusplus
S}
N#endif
N
N#endif
L 29 "..\..\..\source\target\target_board.h" 2
N
N//! @brief Current board info version.
N//!
N//! - Version 1: Initial version.
Nenum _board_info_version {
N    kBoardInfoVersion = 1, //!< The current board info version.
N};
N
N//! @brief Flags for board_info
Nenum _board_info_flags {
N	kEnablePageErase = (1 << 0),            /*!< Enable page programming and sector erase for drag and drop */
N    kEnableUnderResetConnect = (1 << 1),    /*!< Enable under reset connection when enabling debug mode */
N};
N
N/*!
N * @brief Board customization info.
N *
N * Each board must have a unique 4-character Board ID. For Mbed OS targets, the Board ID is the same
N * as the Mbed Platform ID. These IDs are nominally allocated by Arm in order to guarantee there are
N * no conflicts between boards. Please see the DAPLink documentation for more.
N *
N * The family_id member tells DAPLink which device family the on-board target belongs to. This then
N * determines certain behaviours, such as how to reset the target. Family IDs are defined in the
N * #family_id_t enumeration.
N *
N * The board initialization function pointers allow the board to override the routines defined
N * by the device family.
N */
Ntypedef struct __attribute__((__packed__)) board_info {
N    uint16_t info_version;              /*!< Version number of the board info */ 
N    uint16_t family_id;                 /*!< Use to select or identify target family from defined target family or custom ones */
N    char board_id[5];                   /*!< 4-char board ID plus null terminator */
N    uint8_t _padding[3];
N    uint32_t flags;                     /*!< Flags from #_board_info_flags */
N    target_cfg_t *target_cfg;           /*!< Specific chip configuration for the target and enables MSD when non-NULL */
N
N    //! @name MSD customization
N    //@{
N    vfs_filename_t daplink_url_name;    /*!< Customize the URL file name */
N    vfs_filename_t daplink_drive_name;  /*!< Customize the MSD DAPLink drive name */
N    char daplink_target_url[64];        /*!< Customize the target url in DETAILS.TXT */
N    //@}
N
N    //! @name Board initialization customization
N    //@{
N    void (*prerun_board_config)(void);                      /*!< Specific board debug/ID related initialization */
N    void (*swd_set_target_reset)(uint8_t asserted);         /*!< Boards can customize how to send reset to the target with precedence over target family */
N    uint8_t (*target_set_state)(target_state_t state);  /*!< Boards can customize target debug states with precedence over target family */
N    uint32_t soft_reset_type;                               /*!< Boards can override software reset type to VECTRESET or SYSRESETREQ */
N    //@}
N} board_info_t;
N
N//! @brief Information describing the board on which DAPLink is running.
Nextern const board_info_t g_board_info;
N
N#ifdef __cplusplus
Sextern "C" {
N#endif
N
N//! @brief Returns the 4-char ID of the board used by the running firmware.
N//!
N//! For firmware with no board, the board ID is "0000".
Nconst char * get_board_id(void);
N
N//! @brief Returns the family ID for the target associated with the board.
N//!
N//! The family ID will be 0 if there is no board.
Nuint16_t get_family_id(void);
N
N//! @brief Whether the board has a valid flash algo.
Nuint8_t flash_algo_valid(void);
N
N//! @brief Returns the MSD HTML help filename or a default.
Nstatic inline const char * get_daplink_url_name ( void ) { return ((g_board_info.daplink_url_name[0] != 0) ? g_board_info.daplink_url_name : "MBED    HTM"); }
N
N//! @brief Returns the MSD volume name or a default.
Nstatic inline const char * get_daplink_drive_name ( void ) { return ((g_board_info.daplink_drive_name[0] != 0) ? g_board_info.daplink_drive_name : "DAPLINK    "); }
N
N//! @brief Returns the target information URL or a default.
Nstatic inline const char * get_daplink_target_url ( void ) { return ((g_board_info.daplink_target_url[0] != 0) ? g_board_info.daplink_target_url : "https://mbed.org/device/?code=@U?version=@V?target_id=@T"); }
N
N#ifdef __cplusplus
S}
N#endif
N
N#endif
L 24 "..\..\..\source\target\target_board.c" 2
N
N// Default empty board info.
N__attribute__((weak))
Nconst board_info_t g_board_info = {
N		.info_version = kBoardInfoVersion,
N		.board_id = "0000",
N		.daplink_url_name =       "MBED    HTM",
N		.daplink_drive_name = 		"DAPLINK    ",
N		.daplink_target_url = "https://mbed.org/device/?code=@U?version=@V?target_id=@T",
N};
N
N
Nconst char * get_board_id(void)
N{
N    if (g_board_info.target_cfg && g_board_info.target_cfg->rt_board_id) {
N        return g_board_info.target_cfg->rt_board_id; //flexible board id
N    }else{
N        return g_board_info.board_id;
N    }
N}
N
Nuint16_t get_family_id(void)
N{
N    if (g_board_info.target_cfg && g_board_info.target_cfg->rt_family_id) {
N        return g_board_info.target_cfg->rt_family_id; //flexible family id
N    }else{
N        return g_board_info.family_id;
N    }
N}
N
N#if (defined(__ICCARM__))
X#if (0L)
S#pragma optimize = none
Suint8_t flash_algo_valid(void)
N#elif (defined(__CC_ARM))
X#elif (1L)
N#pragma push
N#pragma O0
Nuint8_t flash_algo_valid(void)
N#elif (!defined(__GNUC__))
X#elif (!1L)
S/* #pragma GCC push_options */
S/* #pragma GCC optimize("O0") */
Suint8_t __attribute__((optimize("O0"))) flash_algo_valid(void)
S#else
S#error "Unknown compiler"
N#endif
N{
N    return (g_board_info.target_cfg != 0);
N}
N
N#if (defined(__CC_ARM))
X#if (1L)
N#pragma pop
N#endif
N#if (defined(__GNUC__))
X#if (1L)
N/* #pragma GCC pop_options */
N#endif
